library/build/intermediates/manifest_merge_blame_file/release/manifest-merger-blame-release-report.txt
1<?xml version="1.0" encoding="utf-8"?>
2<manifest xmlns:android="http://schemas.android.com/apk/res/android"
3    package="com.developer.messageview" > <!-- MessageView -->
4    <uses-sdk android:minSdkVersion="19" />
4-->src\main\AndroidManifest.xml
5
6</manifest>